<?xml version="1.0" encoding="UTF-8"?>
<testsuite xmlns:xsi="http://www.w3.org/2001/XMLSchema-instance" xsi:noNamespaceSchemaLocation="https://maven.apache.org/surefire/maven-surefire-plugin/xsd/surefire-test-report.xsd" name="org.eclipse.om2m.datamapping.jaxb.MapperTestDynAuthTokenReqInfo" time="13.516" tests="2" errors="0" skipped="0" failures="0">
  <properties>
    <property name="gopherProxySet" value="false"/>
    <property name="awt.toolkit" value="sun.lwawt.macosx.LWCToolkit"/>
    <property name="file.encoding.pkg" value="sun.io"/>
    <property name="java.specification.version" value="1.8"/>
    <property name="sun.cpu.isalist" value=""/>
    <property name="sun.jnu.encoding" value="UTF-8"/>
    <property name="java.class.path" value="/Users/Paul/Development/bbbro/org.eclipse.om2m.datamapping.jaxb/target/test-classes:/Users/Paul/Development/bbbro/org.eclipse.om2m.datamapping.jaxb/target/classes:/Users/Paul/.m2/repository/junit/junit/4.11/junit-4.11.jar:/Users/Paul/.m2/repository/org/hamcrest/hamcrest-core/1.3/hamcrest-core-1.3.jar:/Users/Paul/.m2/repository/p2/osgi/bundle/org.eclipse.osgi/3.10.2.v20150203-1939/org.eclipse.osgi-3.10.2.v20150203-1939.jar:/Users/Paul/Development/bbbro/org.eclipse.om2m.commons/target/org.eclipse.om2m.commons-1.1.0-SNAPSHOT.jar:/Users/Paul/Development/bbbro/org.eclipse.om2m.commons/libs/javax.persistence.jar:/Users/Paul/.m2/repository/p2/osgi/bundle/org.apache.commons.logging/1.1.1.v201101211721/org.apache.commons.logging-1.1.1.v201101211721.jar:/Users/Paul/Development/bbbro/org.eclipse.om2m.datamapping.jaxb/eclipselink.jar:/Users/Paul/Development/bbbro/org.eclipse.om2m.datamapping.service/target/org.eclipse.om2m.datamapping.service-1.1.0-SNAPSHOT.jar:/Users/Paul/.m2/repository/.cache/tycho/org.junit-4.12.0.v201504281640.jar/junit.jar:/Users/Paul/.m2/repository/p2/osgi/bundle/org.hamcrest.core/1.3.0.v201303031735/org.hamcrest.core-1.3.0.v201303031735.jar:"/>
    <property name="reactorBuildTimestampProperty" value="1558019368110"/>
    <property name="java.vm.vendor" value="Oracle Corporation"/>
    <property name="sun.arch.data.model" value="64"/>
    <property name="java.vendor.url" value="http://java.oracle.com/"/>
    <property name="user.timezone" value="Europe/Paris"/>
    <property name="java.vm.specification.version" value="1.8"/>
    <property name="os.name" value="Mac OS X"/>
    <property name="user.country" value="GB"/>
    <property name="sun.java.launcher" value="SUN_STANDARD"/>
    <property name="sun.boot.library.path" value="/Library/Java/JavaVirtualMachines/jdk1.8.0_192.jdk/Contents/Home/jre/lib"/>
    <property name="sun.java.command" value="/Users/Paul/Development/bbbro/org.eclipse.om2m.datamapping.jaxb/target/surefire/surefirebooter1219440028890240616.jar /Users/Paul/Development/bbbro/org.eclipse.om2m.datamapping.jaxb/target/surefire 2019-05-16T17-09-42_744-jvmRun1 surefire7717985283272391002tmp surefire_03931830515524451639tmp"/>
    <property name="surefire.test.class.path" value="/Users/Paul/Development/bbbro/org.eclipse.om2m.datamapping.jaxb/target/test-classes:/Users/Paul/Development/bbbro/org.eclipse.om2m.datamapping.jaxb/target/classes:/Users/Paul/.m2/repository/junit/junit/4.11/junit-4.11.jar:/Users/Paul/.m2/repository/org/hamcrest/hamcrest-core/1.3/hamcrest-core-1.3.jar:/Users/Paul/.m2/repository/p2/osgi/bundle/org.eclipse.osgi/3.10.2.v20150203-1939/org.eclipse.osgi-3.10.2.v20150203-1939.jar:/Users/Paul/Development/bbbro/org.eclipse.om2m.commons/target/org.eclipse.om2m.commons-1.1.0-SNAPSHOT.jar:/Users/Paul/Development/bbbro/org.eclipse.om2m.commons/libs/javax.persistence.jar:/Users/Paul/.m2/repository/p2/osgi/bundle/org.apache.commons.logging/1.1.1.v201101211721/org.apache.commons.logging-1.1.1.v201101211721.jar:/Users/Paul/Development/bbbro/org.eclipse.om2m.datamapping.jaxb/eclipselink.jar:/Users/Paul/Development/bbbro/org.eclipse.om2m.datamapping.service/target/org.eclipse.om2m.datamapping.service-1.1.0-SNAPSHOT.jar:/Users/Paul/.m2/repository/.cache/tycho/org.junit-4.12.0.v201504281640.jar/junit.jar:/Users/Paul/.m2/repository/p2/osgi/bundle/org.hamcrest.core/1.3.0.v201303031735/org.hamcrest.core-1.3.0.v201303031735.jar:"/>
    <property name="sun.cpu.endian" value="little"/>
    <property name="user.home" value="/Users/Paul"/>
    <property name="user.language" value="en"/>
    <property name="java.specification.vendor" value="Oracle Corporation"/>
    <property name="java.home" value="/Library/Java/JavaVirtualMachines/jdk1.8.0_192.jdk/Contents/Home/jre"/>
    <property name="basedir" value="/Users/Paul/Development/bbbro/org.eclipse.om2m.datamapping.jaxb"/>
    <property name="file.separator" value="/"/>
    <property name="line.separator" value="&#10;"/>
    <property name="java.vm.specification.vendor" value="Oracle Corporation"/>
    <property name="java.specification.name" value="Java Platform API Specification"/>
    <property name="java.awt.graphicsenv" value="sun.awt.CGraphicsEnvironment"/>
    <property name="surefire.real.class.path" value="/Users/Paul/Development/bbbro/org.eclipse.om2m.datamapping.jaxb/target/surefire/surefirebooter1219440028890240616.jar"/>
    <property name="sun.boot.class.path" value="/Library/Java/JavaVirtualMachines/jdk1.8.0_192.jdk/Contents/Home/jre/lib/resources.jar:/Library/Java/JavaVirtualMachines/jdk1.8.0_192.jdk/Contents/Home/jre/lib/rt.jar:/Library/Java/JavaVirtualMachines/jdk1.8.0_192.jdk/Contents/Home/jre/lib/sunrsasign.jar:/Library/Java/JavaVirtualMachines/jdk1.8.0_192.jdk/Contents/Home/jre/lib/jsse.jar:/Library/Java/JavaVirtualMachines/jdk1.8.0_192.jdk/Contents/Home/jre/lib/jce.jar:/Library/Java/JavaVirtualMachines/jdk1.8.0_192.jdk/Contents/Home/jre/lib/charsets.jar:/Library/Java/JavaVirtualMachines/jdk1.8.0_192.jdk/Contents/Home/jre/lib/jfr.jar:/Library/Java/JavaVirtualMachines/jdk1.8.0_192.jdk/Contents/Home/jre/classes"/>
    <property name="sun.management.compiler" value="HotSpot 64-Bit Tiered Compilers"/>
    <property name="java.runtime.version" value="1.8.0_192-b12"/>
    <property name="user.name" value="Paul"/>
    <property name="path.separator" value=":"/>
    <property name="os.version" value="10.14.4"/>
    <property name="java.endorsed.dirs" value="/Library/Java/JavaVirtualMachines/jdk1.8.0_192.jdk/Contents/Home/jre/lib/endorsed"/>
    <property name="java.runtime.name" value="Java(TM) SE Runtime Environment"/>
    <property name="file.encoding" value="UTF-8"/>
    <property name="java.vm.name" value="Java HotSpot(TM) 64-Bit Server VM"/>
    <property name="localRepository" value="/Users/Paul/.m2/repository"/>
    <property name="java.vendor.url.bug" value="http://bugreport.sun.com/bugreport/"/>
    <property name="java.io.tmpdir" value="/var/folders/jd/8pfy5tbx4qjd3v27tsh65tmw0000gn/T/"/>
    <property name="java.version" value="1.8.0_192"/>
    <property name="user.dir" value="/Users/Paul/Development/bbbro/org.eclipse.om2m.datamapping.jaxb"/>
    <property name="os.arch" value="x86_64"/>
    <property name="java.vm.specification.name" value="Java Virtual Machine Specification"/>
    <property name="java.awt.printerjob" value="sun.lwawt.macosx.CPrinterJob"/>
    <property name="sun.os.patch.level" value="unknown"/>
    <property name="java.library.path" value="/Users/Paul/Library/Java/Extensions:/Library/Java/Extensions:/Network/Library/Java/Extensions:/System/Library/Java/Extensions:/usr/lib/java:."/>
    <property name="java.vm.info" value="mixed mode"/>
    <property name="java.vendor" value="Oracle Corporation"/>
    <property name="java.vm.version" value="25.192-b12"/>
    <property name="java.ext.dirs" value="/Users/Paul/Library/Java/Extensions:/Library/Java/JavaVirtualMachines/jdk1.8.0_192.jdk/Contents/Home/jre/lib/ext:/Library/Java/Extensions:/Network/Library/Java/Extensions:/System/Library/Java/Extensions:/usr/lib/java"/>
    <property name="sun.io.unicode.encoding" value="UnicodeBig"/>
    <property name="java.class.version" value="52.0"/>
  </properties>
  <testcase name="test_jsonObjToString" classname="org.eclipse.om2m.datamapping.jaxb.MapperTestDynAuthTokenReqInfo" time="13.516"/>
  <testcase name="test_xmlObjToString" classname="org.eclipse.om2m.datamapping.jaxb.MapperTestDynAuthTokenReqInfo" time="13.515"/>
</testsuite>